  pugixml.cpp
c:\users\aleixgm\desktop\desenvolupament\xml\motor2d\pugixml\src\pugixml.hpp(26): fatal error C1083: Cannot open include file: 'stddef.h': No such file or directory
  j1Window.cpp
c:\users\aleixgm\desktop\desenvolupament\xml\motor2d\p2defs.h(4): fatal error C1083: Cannot open include file: 'stdio.h': No such file or directory
  j1Textures.cpp
c:\users\aleixgm\desktop\desenvolupament\xml\motor2d\p2defs.h(4): fatal error C1083: Cannot open include file: 'stdio.h': No such file or directory
  j1Render.cpp
c:\users\aleixgm\desktop\desenvolupament\xml\motor2d\p2defs.h(4): fatal error C1083: Cannot open include file: 'stdio.h': No such file or directory
  p2Log.cpp
c:\program files (x86)\windows kits\8.1\include\um\winnt.h(31): fatal error C1083: Cannot open include file: 'ctype.h': No such file or directory
  j1Scene.cpp
c:\users\aleixgm\desktop\desenvolupament\xml\motor2d\p2defs.h(4): fatal error C1083: Cannot open include file: 'stdio.h': No such file or directory
  j1Input.cpp
c:\users\aleixgm\desktop\desenvolupament\xml\motor2d\p2defs.h(4): fatal error C1083: Cannot open include file: 'stdio.h': No such file or directory
  j1Audio.cpp
c:\users\aleixgm\desktop\desenvolupament\xml\motor2d\p2defs.h(4): fatal error C1083: Cannot open include file: 'stdio.h': No such file or directory
  j1App.cpp
c:\users\aleixgm\desktop\desenvolupament\xml\motor2d\p2defs.h(4): fatal error C1083: Cannot open include file: 'stdio.h': No such file or directory
  j1Main.cpp
c:\users\aleixgm\desktop\desenvolupament\xml\motor2d\j1main.cpp(1): fatal error C1083: Cannot open include file: 'stdlib.h': No such file or directory
  Generating Code...
